<?xml version="1.0" encoding="UTF-8"?>
<!-- Generated by org.testng.reporters.JUnitReportReporter -->
<testsuite hostname="DESKTOP-65K1966" failures="0" tests="1" name="paraBankTest.ParaBankM" time="23.328" errors="1" timestamp="2024-10-19T19:25:35 EEST" skipped="0">
  <testcase classname="paraBankTest.ParaBankM" name="ProductsRequist" time="23.328">
    <error message="element click intercepted: Element &lt;input type=&quot;submit&quot; class=&quot;hs-button primary large&quot; value=&quot;REQUEST DEMO&quot;&gt; is not clickable at point (996, 336). Other element would receive the click: &lt;iframe name=&quot;&quot; class=&quot;qlfd-not-mobile&quot; id=&quot;q-messenger-frame&quot; data-mirrored=&quot;true&quot; allow=&quot;camera;microphone&quot; title=&quot;Qualified Messenger&quot; style=&quot;
        height: calc(100vh - 150px) !important;
        width: 538px !important;
        margin-bottom: 0;
        color-scheme: normal;
      &quot; src=&quot;https://app.qualified.com/w/1/toaWvavBpa9r2g42/messenger?uuid=ec8e8746-002c-43b3-8f50-cafd182805dc&quot;&gt;&lt;/iframe&gt;
  (Session info: chrome=129.0.6668.103)
Build info: version: &#039;4.25.0&#039;, revision: &#039;030fcf7918&#039;
System info: os.name: &#039;Windows 11&#039;, os.arch: &#039;amd64&#039;, os.version: &#039;10.0&#039;, java.version: &#039;23&#039;
Driver info: org.openqa.selenium.chrome.ChromeDriver
Command: [26747f009601ac9574bceb87a1406768, clickElement {id=f.AD93F5BF86579937B6EF7F8A952DA5A0.d.1CE0397DC26B71CB0331714F4AC02240.e.179}]
Capabilities {acceptInsecureCerts: false, browserName: chrome, browserVersion: 129.0.6668.103, chrome: {chromedriverVersion: 129.0.6668.58 (81a06fb873a9..., userDataDir: C:\Users\marri\AppData\Loca...}, fedcm:accounts: true, goog:chromeOptions: {debuggerAddress: localhost:65275}, networkConnectionEnabled: false, pageLoadStrategy: normal, platformName: windows, proxy: Proxy(), se:cdp: ws://localhost:65275/devtoo..., se:cdpVersion: 129.0.6668.103, setWindowRect: true, strictFileInteractability: false, timeouts: {implicit: 0, pageLoad: 300000, script: 30000}, unhandledPromptBehavior: dismiss and notify, webauthn:extension:credBlob: true, webauthn:extension:largeBlob: true, webauthn:extension:minPinLength: true, webauthn:extension:prf: true, webauthn:virtualAuthenticators: true}
Element: [[ChromeDriver: chrome on windows (26747f009601ac9574bceb87a1406768)] -&gt; xpath: //*[@id=&quot;hsForm_ac031725-1541-4bcb-a4b1-baf748fba09b&quot;]/div[15]/div[2]/input]
Session ID: 26747f009601ac9574bceb87a1406768" type="org.openqa.selenium.ElementClickInterceptedException">
      <![CDATA[org.openqa.selenium.ElementClickInterceptedException: element click intercepted: Element <input type="submit" class="hs-button primary large" value="REQUEST DEMO"> is not clickable at point (996, 336). Other element would receive the click: <iframe name="" class="qlfd-not-mobile" id="q-messenger-frame" data-mirrored="true" allow="camera;microphone" title="Qualified Messenger" style="
        height: calc(100vh - 150px) !important;
        width: 538px !important;
        margin-bottom: 0;
        color-scheme: normal;
      " src="https://app.qualified.com/w/1/toaWvavBpa9r2g42/messenger?uuid=ec8e8746-002c-43b3-8f50-cafd182805dc"></iframe>
  (Session info: chrome=129.0.6668.103)
Build info: version: '4.25.0', revision: '030fcf7918'
System info: os.name: 'Windows 11', os.arch: 'amd64', os.version: '10.0', java.version: '23'
Driver info: org.openqa.selenium.chrome.ChromeDriver
Command: [26747f009601ac9574bceb87a1406768, clickElement {id=f.AD93F5BF86579937B6EF7F8A952DA5A0.d.1CE0397DC26B71CB0331714F4AC02240.e.179}]
Capabilities {acceptInsecureCerts: false, browserName: chrome, browserVersion: 129.0.6668.103, chrome: {chromedriverVersion: 129.0.6668.58 (81a06fb873a9..., userDataDir: C:\Users\marri\AppData\Loca...}, fedcm:accounts: true, goog:chromeOptions: {debuggerAddress: localhost:65275}, networkConnectionEnabled: false, pageLoadStrategy: normal, platformName: windows, proxy: Proxy(), se:cdp: ws://localhost:65275/devtoo..., se:cdpVersion: 129.0.6668.103, setWindowRect: true, strictFileInteractability: false, timeouts: {implicit: 0, pageLoad: 300000, script: 30000}, unhandledPromptBehavior: dismiss and notify, webauthn:extension:credBlob: true, webauthn:extension:largeBlob: true, webauthn:extension:minPinLength: true, webauthn:extension:prf: true, webauthn:virtualAuthenticators: true}
Element: [[ChromeDriver: chrome on windows (26747f009601ac9574bceb87a1406768)] -> xpath: //*[@id="hsForm_ac031725-1541-4bcb-a4b1-baf748fba09b"]/div[15]/div[2]/input]
Session ID: 26747f009601ac9574bceb87a1406768
at java.base/jdk.internal.reflect.DirectConstructorHandleAccessor.newInstance(DirectConstructorHandleAccessor.java:62)
at java.base/java.lang.reflect.Constructor.newInstanceWithCaller(Constructor.java:501)
at java.base/java.lang.reflect.Constructor.newInstance(Constructor.java:485)
at org.openqa.selenium.remote.ErrorCodec.decode(ErrorCodec.java:167)
at org.openqa.selenium.remote.codec.w3c.W3CHttpResponseCodec.decode(W3CHttpResponseCodec.java:138)
at org.openqa.selenium.remote.codec.w3c.W3CHttpResponseCodec.decode(W3CHttpResponseCodec.java:50)
at org.openqa.selenium.remote.HttpCommandExecutor.execute(HttpCommandExecutor.java:190)
at org.openqa.selenium.remote.service.DriverCommandExecutor.invokeExecute(DriverCommandExecutor.java:216)
at org.openqa.selenium.remote.service.DriverCommandExecutor.execute(DriverCommandExecutor.java:174)
at org.openqa.selenium.remote.RemoteWebDriver.execute(RemoteWebDriver.java:545)
at org.openqa.selenium.remote.RemoteWebElement.execute(RemoteWebElement.java:223)
at org.openqa.selenium.remote.RemoteWebElement.click(RemoteWebElement.java:76)
at paraBankTest.ParaBankM.ProductsRequist(ParaBankM.java:146)
at java.base/jdk.internal.reflect.DirectMethodHandleAccessor.invoke(DirectMethodHandleAccessor.java:103)
at java.base/java.lang.reflect.Method.invoke(Method.java:580)
at org.testng.internal.MethodInvocationHelper.invokeMethod(MethodInvocationHelper.java:133)
at org.testng.internal.TestInvoker.invokeMethod(TestInvoker.java:598)
at org.testng.internal.TestInvoker.invokeTestMethod(TestInvoker.java:173)
at org.testng.internal.MethodRunner.runInSequence(MethodRunner.java:46)
at org.testng.internal.TestInvoker$MethodInvocationAgent.invoke(TestInvoker.java:824)
at org.testng.internal.TestInvoker.invokeTestMethods(TestInvoker.java:146)
at org.testng.internal.TestMethodWorker.invokeTestMethods(TestMethodWorker.java:146)
at org.testng.internal.TestMethodWorker.run(TestMethodWorker.java:128)
at java.base/java.util.ArrayList.forEach(ArrayList.java:1597)
at org.testng.TestRunner.privateRun(TestRunner.java:794)
at org.testng.TestRunner.run(TestRunner.java:596)
at org.testng.SuiteRunner.runTest(SuiteRunner.java:377)
at org.testng.SuiteRunner.runSequentially(SuiteRunner.java:371)
at org.testng.SuiteRunner.privateRun(SuiteRunner.java:332)
at org.testng.SuiteRunner.run(SuiteRunner.java:276)
at org.testng.SuiteRunnerWorker.runSuite(SuiteRunnerWorker.java:53)
at org.testng.SuiteRunnerWorker.run(SuiteRunnerWorker.java:96)
at org.testng.TestNG.runSuitesSequentially(TestNG.java:1212)
at org.testng.TestNG.runSuitesLocally(TestNG.java:1134)
at org.testng.TestNG.runSuites(TestNG.java:1063)
at org.testng.TestNG.run(TestNG.java:1031)
at org.testng.remote.AbstractRemoteTestNG.run(AbstractRemoteTestNG.java:115)
at org.testng.remote.RemoteTestNG.initAndRun(RemoteTestNG.java:293)
at org.testng.remote.RemoteTestNG.main(RemoteTestNG.java:91)
]]>
    </error>
  </testcase> <!-- ProductsRequist -->
  <system-out/>
</testsuite> <!-- paraBankTest.ParaBankM -->
